<?xml version="1.0" encoding="UTF-8"?>
<!-- Generated by org.testng.reporters.JUnitXMLReporter -->
<testsuite ignored="0" hostname="WL350215" failures="0" tests="12" name="Surefire test" time="170.431" errors="0" timestamp="2021-02-13T17:57:25 IST">
  <testcase classname="com.hrm.qa.testcases.ContactsPageTest" name="verifyContactsLabelTest" time="0.243"/>
  <testcase classname="com.hrm.qa.testcases.ContactsPageTest" name="selectSingleContactsByNameTest" time="0.732"/>
  <testcase classname="com.hrm.qa.testcases.ContactsPageTest" name="selectMultipleContactsByNameTest" time="0.84"/>
  <testcase classname="com.hrm.qa.testcases.ContactsPageTest" name="createNewContactTest" time="3.606"/>
  <testcase classname="com.hrm.qa.testcases.ContactsPageTest" name="createNewContactTest" time="3.773"/>
  <testcase classname="com.hrm.qa.testcases.ContactsPageTest" name="createNewContactTest" time="3.845"/>
  <testcase classname="com.hrm.qa.testcases.HomePageTest" name="verifyHomePageTitleTest" time="0.008"/>
  <testcase classname="com.hrm.qa.testcases.HomePageTest" name="verifyCorrectUserNameTest" time="1.391"/>
  <testcase classname="com.hrm.qa.testcases.HomePageTest" name="verifyConatctsLinkTest" time="1.393"/>
  <testcase classname="com.hrm.qa.testcases.LoginPageTest" name="loginPageTitleTest" time="0.017"/>
  <testcase classname="com.hrm.qa.testcases.LoginPageTest" name="signUpLinkTest" time="0.049"/>
  <testcase classname="com.hrm.qa.testcases.LoginPageTest" name="loginTest" time="2.039"/>
</testsuite> <!-- Surefire test -->
