<?xml version="1.0" encoding="UTF-8"?>
<!-- Generated by org.testng.reporters.JUnitXMLReporter -->
<testsuite ignored="3" hostname="WL350215" failures="0" tests="3" name="Default test" time="48.551" errors="0" timestamp="2021-02-13T12:34:57 IST">
  <testcase classname="com.hrm.qa.testcases.ContactsPageTest" name="createNewContactTest" time="3.913"/>
  <testcase classname="com.hrm.qa.testcases.ContactsPageTest" name="createNewContactTest" time="3.118"/>
  <testcase classname="com.hrm.qa.testcases.ContactsPageTest" name="createNewContactTest" time="3.279"/>
  <testcase classname="com.hrm.qa.testcases.ContactsPageTest" name="selectMultipleContactsByNameTest" time="0.0">
    <ignored/>
  </testcase> <!-- selectMultipleContactsByNameTest -->
  <testcase classname="com.hrm.qa.testcases.ContactsPageTest" name="selectSingleContactsByNameTest" time="0.0">
    <ignored/>
  </testcase> <!-- selectSingleContactsByNameTest -->
  <testcase classname="com.hrm.qa.testcases.ContactsPageTest" name="verifyContactsLabelTest" time="0.0">
    <ignored/>
  </testcase> <!-- verifyContactsLabelTest -->
</testsuite> <!-- Default test -->
