<?xml version="1.0" encoding="UTF-8"?>
<testsuite xmlns:xsi="http://www.w3.org/2001/XMLSchema-instance" xsi:noNamespaceSchemaLocation="https://maven.apache.org/surefire/maven-surefire-plugin/xsd/surefire-test-report.xsd" name="TestSuite" time="171.432" tests="12" errors="0" skipped="0" failures="0">
  <properties>
[...]
</properties>
  <testcase name="verifyContactsLabelTest" classname="com.hrm.qa.testcases.ContactsPageTest" time="0.244"/>
  <testcase name="selectSingleContactsByNameTest" classname="com.hrm.qa.testcases.ContactsPageTest" time="0.735"/>
  <testcase name="selectMultipleContactsByNameTest" classname="com.hrm.qa.testcases.ContactsPageTest" time="0.839"/>
  <testcase name="createNewContactTest" classname="com.hrm.qa.testcases.ContactsPageTest" time="3.607"/>
  <testcase name="createNewContactTest" classname="com.hrm.qa.testcases.ContactsPageTest" time="3.773"/>
  <testcase name="createNewContactTest" classname="com.hrm.qa.testcases.ContactsPageTest" time="3.845"/>
  <testcase name="verifyHomePageTitleTest" classname="com.hrm.qa.testcases.HomePageTest" time="0.008"/>
  <testcase name="verifyCorrectUserNameTest" classname="com.hrm.qa.testcases.HomePageTest" time="1.399"/>
  <testcase name="verifyConatctsLinkTest" classname="com.hrm.qa.testcases.HomePageTest" time="1.394"/>
  <testcase name="loginPageTitleTest" classname="com.hrm.qa.testcases.LoginPageTest" time="0.015"/>
  <testcase name="signUpLinkTest" classname="com.hrm.qa.testcases.LoginPageTest" time="0.048"/>
  <testcase name="loginTest" classname="com.hrm.qa.testcases.LoginPageTest" time="2.039"/>
</testsuite>