<?xml version="1.0" encoding="UTF-8"?>
<testng-results ignored="0" total="12" passed="12" failed="0" skipped="0">
  <reporter-output>
  </reporter-output>
  <suite started-at="2021-02-13T17:54:35 IST" name="Surefire suite" finished-at="2021-02-13T17:57:25 IST" duration-ms="170431">
    <groups>
    </groups>
    <test started-at="2021-02-13T17:54:35 IST" name="Surefire test" finished-at="2021-02-13T17:57:25 IST" duration-ms="170431">
      <class name="com.hrm.qa.testcases.LoginPageTest">
        <test-method is-config="true" signature="setUp()[pri:0, instance:com.hrm.qa.testcases.LoginPageTest@fd97536f]" started-at="2021-02-13T17:56:47 IST" name="setUp" finished-at="2021-02-13T17:56:58 IST" duration-ms="10622" status="PASS">
          <reporter-output>
          </reporter-output>
        </test-method> <!-- setUp -->
        <test-method signature="loginPageTitleTest()[pri:1, instance:com.hrm.qa.testcases.LoginPageTest@fd97536f]" started-at="2021-02-13T17:56:58 IST" name="loginPageTitleTest" finished-at="2021-02-13T17:56:58 IST" duration-ms="17" status="PASS">
          <reporter-output>
          </reporter-output>
        </test-method> <!-- loginPageTitleTest -->
        <test-method is-config="true" signature="tearDown()[pri:0, instance:com.hrm.qa.testcases.LoginPageTest@fd97536f]" started-at="2021-02-13T17:56:58 IST" name="tearDown" finished-at="2021-02-13T17:56:59 IST" duration-ms="1427" status="PASS">
          <reporter-output>
          </reporter-output>
        </test-method> <!-- tearDown -->
        <test-method is-config="true" signature="setUp()[pri:0, instance:com.hrm.qa.testcases.LoginPageTest@fd97536f]" started-at="2021-02-13T17:56:59 IST" name="setUp" finished-at="2021-02-13T17:57:10 IST" duration-ms="10400" status="PASS">
          <reporter-output>
          </reporter-output>
        </test-method> <!-- setUp -->
        <test-method signature="signUpLinkTest()[pri:2, instance:com.hrm.qa.testcases.LoginPageTest@fd97536f]" started-at="2021-02-13T17:57:10 IST" name="signUpLinkTest" finished-at="2021-02-13T17:57:10 IST" duration-ms="49" status="PASS">
          <reporter-output>
          </reporter-output>
        </test-method> <!-- signUpLinkTest -->
        <test-method is-config="true" signature="tearDown()[pri:0, instance:com.hrm.qa.testcases.LoginPageTest@fd97536f]" started-at="2021-02-13T17:57:10 IST" name="tearDown" finished-at="2021-02-13T17:57:11 IST" duration-ms="891" status="PASS">
          <reporter-output>
          </reporter-output>
        </test-method> <!-- tearDown -->
        <test-method is-config="true" signature="setUp()[pri:0, instance:com.hrm.qa.testcases.LoginPageTest@fd97536f]" started-at="2021-02-13T17:57:11 IST" name="setUp" finished-at="2021-02-13T17:57:21 IST" duration-ms="10104" status="PASS">
          <reporter-output>
          </reporter-output>
        </test-method> <!-- setUp -->
        <test-method signature="loginTest()[pri:3, instance:com.hrm.qa.testcases.LoginPageTest@fd97536f]" started-at="2021-02-13T17:57:21 IST" name="loginTest" finished-at="2021-02-13T17:57:23 IST" duration-ms="2039" status="PASS">
          <reporter-output>
          </reporter-output>
        </test-method> <!-- loginTest -->
        <test-method is-config="true" signature="tearDown()[pri:0, instance:com.hrm.qa.testcases.LoginPageTest@fd97536f]" started-at="2021-02-13T17:57:23 IST" name="tearDown" finished-at="2021-02-13T17:57:25 IST" duration-ms="2138" status="PASS">
          <reporter-output>
          </reporter-output>
        </test-method> <!-- tearDown -->
      </class> <!-- com.hrm.qa.testcases.LoginPageTest -->
      <class name="com.hrm.qa.testcases.ContactsPageTest">
        <test-method is-config="true" signature="setUp()[pri:0, instance:com.hrm.qa.testcases.ContactsPageTest@b850d4e4]" started-at="2021-02-13T17:54:35 IST" name="setUp" finished-at="2021-02-13T17:54:49 IST" duration-ms="14707" status="PASS">
          <reporter-output>
          </reporter-output>
        </test-method> <!-- setUp -->
        <test-method signature="verifyContactsLabelTest()[pri:1, instance:com.hrm.qa.testcases.ContactsPageTest@b850d4e4]" started-at="2021-02-13T17:54:49 IST" name="verifyContactsLabelTest" finished-at="2021-02-13T17:54:50 IST" duration-ms="243" status="PASS">
          <reporter-output>
          </reporter-output>
        </test-method> <!-- verifyContactsLabelTest -->
        <test-method is-config="true" signature="tearDown()[pri:0, instance:com.hrm.qa.testcases.ContactsPageTest@b850d4e4]" started-at="2021-02-13T17:54:50 IST" name="tearDown" finished-at="2021-02-13T17:54:51 IST" duration-ms="1104" status="PASS">
          <reporter-output>
          </reporter-output>
        </test-method> <!-- tearDown -->
        <test-method is-config="true" signature="setUp()[pri:0, instance:com.hrm.qa.testcases.ContactsPageTest@b850d4e4]" started-at="2021-02-13T17:54:51 IST" name="setUp" finished-at="2021-02-13T17:55:03 IST" duration-ms="12040" status="PASS">
          <reporter-output>
          </reporter-output>
        </test-method> <!-- setUp -->
        <test-method signature="selectSingleContactsByNameTest()[pri:2, instance:com.hrm.qa.testcases.ContactsPageTest@b850d4e4]" started-at="2021-02-13T17:55:03 IST" name="selectSingleContactsByNameTest" finished-at="2021-02-13T17:55:04 IST" duration-ms="732" status="PASS">
          <reporter-output>
          </reporter-output>
        </test-method> <!-- selectSingleContactsByNameTest -->
        <test-method is-config="true" signature="tearDown()[pri:0, instance:com.hrm.qa.testcases.ContactsPageTest@b850d4e4]" started-at="2021-02-13T17:55:04 IST" name="tearDown" finished-at="2021-02-13T17:55:05 IST" duration-ms="1462" status="PASS">
          <reporter-output>
          </reporter-output>
        </test-method> <!-- tearDown -->
        <test-method is-config="true" signature="setUp()[pri:0, instance:com.hrm.qa.testcases.ContactsPageTest@b850d4e4]" started-at="2021-02-13T17:55:05 IST" name="setUp" finished-at="2021-02-13T17:55:18 IST" duration-ms="13058" status="PASS">
          <reporter-output>
          </reporter-output>
        </test-method> <!-- setUp -->
        <test-method signature="selectMultipleContactsByNameTest()[pri:3, instance:com.hrm.qa.testcases.ContactsPageTest@b850d4e4]" started-at="2021-02-13T17:55:18 IST" name="selectMultipleContactsByNameTest" finished-at="2021-02-13T17:55:19 IST" duration-ms="840" status="PASS">
          <reporter-output>
          </reporter-output>
        </test-method> <!-- selectMultipleContactsByNameTest -->
        <test-method is-config="true" signature="tearDown()[pri:0, instance:com.hrm.qa.testcases.ContactsPageTest@b850d4e4]" started-at="2021-02-13T17:55:19 IST" name="tearDown" finished-at="2021-02-13T17:55:20 IST" duration-ms="1206" status="PASS">
          <reporter-output>
          </reporter-output>
        </test-method> <!-- tearDown -->
        <test-method is-config="true" signature="setUp()[pri:0, instance:com.hrm.qa.testcases.ContactsPageTest@b850d4e4]" started-at="2021-02-13T17:55:21 IST" name="setUp" finished-at="2021-02-13T17:55:33 IST" duration-ms="11925" status="PASS">
          <reporter-output>
          </reporter-output>
        </test-method> <!-- setUp -->
        <test-method signature="createNewContactTest(java.lang.String, java.lang.String, java.lang.String, java.lang.String)[pri:4, instance:com.hrm.qa.testcases.ContactsPageTest@b850d4e4]" started-at="2021-02-13T17:55:33 IST" name="createNewContactTest" data-provider="getCRMTestData" finished-at="2021-02-13T17:55:36 IST" duration-ms="3606" status="PASS">
          <params>
            <param index="0">
              <value>
                <![CDATA[David]]>
              </value>
            </param>
            <param index="1">
              <value>
                <![CDATA[Chris]]>
              </value>
            </param>
            <param index="2">
              <value>
                <![CDATA[d@c.com]]>
              </value>
            </param>
            <param index="3">
              <value>
                <![CDATA[Lead]]>
              </value>
            </param>
          </params>
          <reporter-output>
          </reporter-output>
        </test-method> <!-- createNewContactTest -->
        <test-method is-config="true" signature="tearDown()[pri:0, instance:com.hrm.qa.testcases.ContactsPageTest@b850d4e4]" started-at="2021-02-13T17:55:36 IST" name="tearDown" finished-at="2021-02-13T17:55:37 IST" duration-ms="984" status="PASS">
          <reporter-output>
          </reporter-output>
        </test-method> <!-- tearDown -->
        <test-method is-config="true" signature="setUp()[pri:0, instance:com.hrm.qa.testcases.ContactsPageTest@b850d4e4]" started-at="2021-02-13T17:55:37 IST" name="setUp" finished-at="2021-02-13T17:55:49 IST" duration-ms="11910" status="PASS">
          <reporter-output>
          </reporter-output>
        </test-method> <!-- setUp -->
        <test-method signature="createNewContactTest(java.lang.String, java.lang.String, java.lang.String, java.lang.String)[pri:4, instance:com.hrm.qa.testcases.ContactsPageTest@b850d4e4]" started-at="2021-02-13T17:55:49 IST" name="createNewContactTest" data-provider="getCRMTestData" finished-at="2021-02-13T17:55:53 IST" duration-ms="3773" status="PASS">
          <params>
            <param index="0">
              <value>
                <![CDATA[Mark]]>
              </value>
            </param>
            <param index="1">
              <value>
                <![CDATA[Zuke]]>
              </value>
            </param>
            <param index="2">
              <value>
                <![CDATA[m@z.com]]>
              </value>
            </param>
            <param index="3">
              <value>
                <![CDATA[Customer]]>
              </value>
            </param>
          </params>
          <reporter-output>
          </reporter-output>
        </test-method> <!-- createNewContactTest -->
        <test-method is-config="true" signature="tearDown()[pri:0, instance:com.hrm.qa.testcases.ContactsPageTest@b850d4e4]" started-at="2021-02-13T17:55:53 IST" name="tearDown" finished-at="2021-02-13T17:55:54 IST" duration-ms="1082" status="PASS">
          <reporter-output>
          </reporter-output>
        </test-method> <!-- tearDown -->
        <test-method is-config="true" signature="setUp()[pri:0, instance:com.hrm.qa.testcases.ContactsPageTest@b850d4e4]" started-at="2021-02-13T17:55:54 IST" name="setUp" finished-at="2021-02-13T17:56:06 IST" duration-ms="11982" status="PASS">
          <reporter-output>
          </reporter-output>
        </test-method> <!-- setUp -->
        <test-method signature="createNewContactTest(java.lang.String, java.lang.String, java.lang.String, java.lang.String)[pri:4, instance:com.hrm.qa.testcases.ContactsPageTest@b850d4e4]" started-at="2021-02-13T17:56:06 IST" name="createNewContactTest" data-provider="getCRMTestData" finished-at="2021-02-13T17:56:10 IST" duration-ms="3845" status="PASS">
          <params>
            <param index="0">
              <value>
                <![CDATA[Tom]]>
              </value>
            </param>
            <param index="1">
              <value>
                <![CDATA[Meter]]>
              </value>
            </param>
            <param index="2">
              <value>
                <![CDATA[t@m.com]]>
              </value>
            </param>
            <param index="3">
              <value>
                <![CDATA[Contact]]>
              </value>
            </param>
          </params>
          <reporter-output>
          </reporter-output>
        </test-method> <!-- createNewContactTest -->
        <test-method is-config="true" signature="tearDown()[pri:0, instance:com.hrm.qa.testcases.ContactsPageTest@b850d4e4]" started-at="2021-02-13T17:56:10 IST" name="tearDown" finished-at="2021-02-13T17:56:12 IST" duration-ms="2170" status="PASS">
          <reporter-output>
          </reporter-output>
        </test-method> <!-- tearDown -->
      </class> <!-- com.hrm.qa.testcases.ContactsPageTest -->
      <class name="com.hrm.qa.testcases.HomePageTest">
        <test-method is-config="true" signature="setUp()[pri:0, instance:com.hrm.qa.testcases.HomePageTest@5380269a]" started-at="2021-02-13T17:56:12 IST" name="setUp" finished-at="2021-02-13T17:56:22 IST" duration-ms="10206" status="PASS">
          <reporter-output>
          </reporter-output>
        </test-method> <!-- setUp -->
        <test-method signature="verifyHomePageTitleTest()[pri:1, instance:com.hrm.qa.testcases.HomePageTest@5380269a]" started-at="2021-02-13T17:56:22 IST" name="verifyHomePageTitleTest" finished-at="2021-02-13T17:56:22 IST" duration-ms="8" status="PASS">
          <reporter-output>
          </reporter-output>
        </test-method> <!-- verifyHomePageTitleTest -->
        <test-method is-config="true" signature="tearDown()[pri:0, instance:com.hrm.qa.testcases.HomePageTest@5380269a]" started-at="2021-02-13T17:56:22 IST" name="tearDown" finished-at="2021-02-13T17:56:22 IST" duration-ms="0" status="PASS">
          <reporter-output>
          </reporter-output>
        </test-method> <!-- tearDown -->
        <test-method is-config="true" signature="setUp()[pri:0, instance:com.hrm.qa.testcases.HomePageTest@5380269a]" started-at="2021-02-13T17:56:22 IST" name="setUp" finished-at="2021-02-13T17:56:34 IST" duration-ms="11359" status="PASS">
          <reporter-output>
          </reporter-output>
        </test-method> <!-- setUp -->
        <test-method signature="verifyCorrectUserNameTest()[pri:2, instance:com.hrm.qa.testcases.HomePageTest@5380269a]" started-at="2021-02-13T17:56:34 IST" name="verifyCorrectUserNameTest" finished-at="2021-02-13T17:56:35 IST" duration-ms="1391" status="PASS">
          <reporter-output>
          </reporter-output>
        </test-method> <!-- verifyCorrectUserNameTest -->
        <test-method is-config="true" signature="tearDown()[pri:0, instance:com.hrm.qa.testcases.HomePageTest@5380269a]" started-at="2021-02-13T17:56:35 IST" name="tearDown" finished-at="2021-02-13T17:56:35 IST" duration-ms="1" status="PASS">
          <reporter-output>
          </reporter-output>
        </test-method> <!-- tearDown -->
        <test-method is-config="true" signature="setUp()[pri:0, instance:com.hrm.qa.testcases.HomePageTest@5380269a]" started-at="2021-02-13T17:56:35 IST" name="setUp" finished-at="2021-02-13T17:56:46 IST" duration-ms="11116" status="PASS">
          <reporter-output>
          </reporter-output>
        </test-method> <!-- setUp -->
        <test-method signature="verifyConatctsLinkTest()[pri:3, instance:com.hrm.qa.testcases.HomePageTest@5380269a]" started-at="2021-02-13T17:56:46 IST" name="verifyConatctsLinkTest" finished-at="2021-02-13T17:56:47 IST" duration-ms="1393" status="PASS">
          <reporter-output>
          </reporter-output>
        </test-method> <!-- verifyConatctsLinkTest -->
        <test-method is-config="true" signature="tearDown()[pri:0, instance:com.hrm.qa.testcases.HomePageTest@5380269a]" started-at="2021-02-13T17:56:47 IST" name="tearDown" finished-at="2021-02-13T17:56:47 IST" duration-ms="1" status="PASS">
          <reporter-output>
          </reporter-output>
        </test-method> <!-- tearDown -->
      </class> <!-- com.hrm.qa.testcases.HomePageTest -->
    </test> <!-- Surefire test -->
  </suite> <!-- Surefire suite -->
</testng-results>
