<?xml version="1.0" encoding="UTF-8"?>
<testng-results ignored="3" total="6" passed="3" failed="0" skipped="0">
  <reporter-output>
  </reporter-output>
  <suite started-at="2021-02-13T12:34:09 IST" name="Default suite" finished-at="2021-02-13T12:34:57 IST" duration-ms="48551">
    <groups>
    </groups>
    <test started-at="2021-02-13T12:34:09 IST" name="Default test" finished-at="2021-02-13T12:34:57 IST" duration-ms="48551">
      <class name="com.hrm.qa.testcases.ContactsPageTest">
        <test-method is-config="true" signature="setUp()[pri:0, instance:com.hrm.qa.testcases.ContactsPageTest@437da279]" started-at="2021-02-13T12:34:09 IST" name="setUp" finished-at="2021-02-13T12:34:22 IST" duration-ms="12896" status="PASS">
          <reporter-output>
          </reporter-output>
        </test-method> <!-- setUp -->
        <test-method signature="createNewContactTest(java.lang.String, java.lang.String, java.lang.String, java.lang.String)[pri:4, instance:com.hrm.qa.testcases.ContactsPageTest@437da279]" started-at="2021-02-13T12:34:22 IST" name="createNewContactTest" data-provider="getCRMTestData" finished-at="2021-02-13T12:34:26 IST" duration-ms="3913" status="PASS">
          <params>
            <param index="0">
              <value>
                <![CDATA[David]]>
              </value>
            </param>
            <param index="1">
              <value>
                <![CDATA[Chris]]>
              </value>
            </param>
            <param index="2">
              <value>
                <![CDATA[d@c.com]]>
              </value>
            </param>
            <param index="3">
              <value>
                <![CDATA[Lead]]>
              </value>
            </param>
          </params>
          <reporter-output>
          </reporter-output>
        </test-method> <!-- createNewContactTest -->
        <test-method is-config="true" signature="tearDown()[pri:0, instance:com.hrm.qa.testcases.ContactsPageTest@437da279]" started-at="2021-02-13T12:34:26 IST" name="tearDown" finished-at="2021-02-13T12:34:27 IST" duration-ms="980" status="PASS">
          <reporter-output>
          </reporter-output>
        </test-method> <!-- tearDown -->
        <test-method is-config="true" signature="setUp()[pri:0, instance:com.hrm.qa.testcases.ContactsPageTest@437da279]" started-at="2021-02-13T12:34:27 IST" name="setUp" finished-at="2021-02-13T12:34:38 IST" duration-ms="11233" status="PASS">
          <reporter-output>
          </reporter-output>
        </test-method> <!-- setUp -->
        <test-method signature="createNewContactTest(java.lang.String, java.lang.String, java.lang.String, java.lang.String)[pri:4, instance:com.hrm.qa.testcases.ContactsPageTest@437da279]" started-at="2021-02-13T12:34:38 IST" name="createNewContactTest" data-provider="getCRMTestData" finished-at="2021-02-13T12:34:41 IST" duration-ms="3118" status="PASS">
          <params>
            <param index="0">
              <value>
                <![CDATA[Mark]]>
              </value>
            </param>
            <param index="1">
              <value>
                <![CDATA[Zuke]]>
              </value>
            </param>
            <param index="2">
              <value>
                <![CDATA[m@z.com]]>
              </value>
            </param>
            <param index="3">
              <value>
                <![CDATA[Customer]]>
              </value>
            </param>
          </params>
          <reporter-output>
          </reporter-output>
        </test-method> <!-- createNewContactTest -->
        <test-method is-config="true" signature="tearDown()[pri:0, instance:com.hrm.qa.testcases.ContactsPageTest@437da279]" started-at="2021-02-13T12:34:41 IST" name="tearDown" finished-at="2021-02-13T12:34:42 IST" duration-ms="831" status="PASS">
          <reporter-output>
          </reporter-output>
        </test-method> <!-- tearDown -->
        <test-method is-config="true" signature="setUp()[pri:0, instance:com.hrm.qa.testcases.ContactsPageTest@437da279]" started-at="2021-02-13T12:34:42 IST" name="setUp" finished-at="2021-02-13T12:34:53 IST" duration-ms="10972" status="PASS">
          <reporter-output>
          </reporter-output>
        </test-method> <!-- setUp -->
        <test-method signature="createNewContactTest(java.lang.String, java.lang.String, java.lang.String, java.lang.String)[pri:4, instance:com.hrm.qa.testcases.ContactsPageTest@437da279]" started-at="2021-02-13T12:34:53 IST" name="createNewContactTest" data-provider="getCRMTestData" finished-at="2021-02-13T12:34:56 IST" duration-ms="3279" status="PASS">
          <params>
            <param index="0">
              <value>
                <![CDATA[Tom]]>
              </value>
            </param>
            <param index="1">
              <value>
                <![CDATA[Meter]]>
              </value>
            </param>
            <param index="2">
              <value>
                <![CDATA[t@m.com]]>
              </value>
            </param>
            <param index="3">
              <value>
                <![CDATA[Contact]]>
              </value>
            </param>
          </params>
          <reporter-output>
          </reporter-output>
        </test-method> <!-- createNewContactTest -->
        <test-method is-config="true" signature="tearDown()[pri:0, instance:com.hrm.qa.testcases.ContactsPageTest@437da279]" started-at="2021-02-13T12:34:56 IST" name="tearDown" finished-at="2021-02-13T12:34:57 IST" duration-ms="857" status="PASS">
          <reporter-output>
          </reporter-output>
        </test-method> <!-- tearDown -->
      </class> <!-- com.hrm.qa.testcases.ContactsPageTest -->
    </test> <!-- Default test -->
  </suite> <!-- Default suite -->
</testng-results>
